{"uuid":"42527db6-d6d5-4a27-8304-a1ccfdcfaf8b","historyId":"8062bbdbffbdefcfb8a6a151576d317f","fullName":"src/test/resources/features/array.feature:37","labels":[{"name":"tag","value":"array2"},{"name":"host","value":"Praveens-MacBook-Pro-2.local"},{"name":"thread","value":"96256@Praveens-MacBook-Pro-2.local.main(1)"},{"name":"feature","value":"User navigate to Array data structure Page and try different operations on Arrays"},{"name":"story","value":"User navigate to Array data structure page and try practice questions"},{"name":"suite","value":"User navigate to Array data structure Page and try different operations on Arrays"},{"name":"testClass","value":"User navigate to Array data structure page and try practice questions"},{"name":"framework","value":"cucumber4jvm"},{"name":"language","value":"java"},{"name":"gherkin_uri","value":"file:///Users/praveenkumarsharma/eclipse-workspace/justdsalgo/src/test/resources/features/array.feature"},{"name":"package","value":"src.test.resources.features.array_feature.User navigate to Array data structure Page and try different operations on Arrays"}],"links":[],"name":"User navigate to Array data structure page and try practice questions","status":"broken","statusDetails":{"known":false,"muted":false,"flaky":false,"message":"unexpected alert open: {Alert text : SyntaxError: bad input on line 3}\n  (Session info: chrome=118.0.5993.88): SyntaxError: bad input on line 3\nBuild info: version: '4.12.0', revision: '249f2a7d1b*'\nSystem info: os.name: 'Mac OS X', os.arch: 'x86_64', os.version: '13.5.1', java.version: '20.0.2'\nDriver info: org.openqa.selenium.chrome.ChromeDriver\nCommand: [471505b009bdecddaac0e25542a12dac, findElement {using=xpath, value=//*[@id='output']}]\nCapabilities {acceptInsecureCerts: false, browserName: chrome, browserVersion: 118.0.5993.88, chrome: {chromedriverVersion: 118.0.5993.70 (e52f33f30b91..., userDataDir: /var/folders/45/nx7hh1fx2qq...}, fedcm:accounts: true, goog:chromeOptions: {debuggerAddress: localhost:50708}, networkConnectionEnabled: false, pageLoadStrategy: normal, platformName: mac, proxy: Proxy(), se:cdp: ws://localhost:50708/devtoo..., se:cdpVersion: 118.0.5993.88, setWindowRect: true, strictFileInteractability: false, timeouts: {implicit: 20000, pageLoad: 300000, script: 30000}, unhandledPromptBehavior: dismiss and notify, webauthn:extension:credBlob: true, webauthn:extension:largeBlob: true, webauthn:extension:minPinLength: true, webauthn:extension:prf: true, webauthn:virtualAuthenticators: true}\nSession ID: 471505b009bdecddaac0e25542a12dac","trace":"org.openqa.selenium.UnhandledAlertException: unexpected alert open: {Alert text : SyntaxError: bad input on line 3}\n  (Session info: chrome=118.0.5993.88): SyntaxError: bad input on line 3\nBuild info: version: '4.12.0', revision: '249f2a7d1b*'\nSystem info: os.name: 'Mac OS X', os.arch: 'x86_64', os.version: '13.5.1', java.version: '20.0.2'\nDriver info: org.openqa.selenium.chrome.ChromeDriver\nCommand: [471505b009bdecddaac0e25542a12dac, findElement {using=xpath, value=//*[@id='output']}]\nCapabilities {acceptInsecureCerts: false, browserName: chrome, browserVersion: 118.0.5993.88, chrome: {chromedriverVersion: 118.0.5993.70 (e52f33f30b91..., userDataDir: /var/folders/45/nx7hh1fx2qq...}, fedcm:accounts: true, goog:chromeOptions: {debuggerAddress: localhost:50708}, networkConnectionEnabled: false, pageLoadStrategy: normal, platformName: mac, proxy: Proxy(), se:cdp: ws://localhost:50708/devtoo..., se:cdpVersion: 118.0.5993.88, setWindowRect: true, strictFileInteractability: false, timeouts: {implicit: 20000, pageLoad: 300000, script: 30000}, unhandledPromptBehavior: dismiss and notify, webauthn:extension:credBlob: true, webauthn:extension:largeBlob: true, webauthn:extension:minPinLength: true, webauthn:extension:prf: true, webauthn:virtualAuthenticators: true}\nSession ID: 471505b009bdecddaac0e25542a12dac\n\tat org.openqa.selenium.remote.codec.w3c.W3CHttpResponseCodec.decode(W3CHttpResponseCodec.java:131)\n\tat org.openqa.selenium.remote.codec.w3c.W3CHttpResponseCodec.decode(W3CHttpResponseCodec.java:52)\n\tat org.openqa.selenium.remote.HttpCommandExecutor.execute(HttpCommandExecutor.java:191)\n\tat org.openqa.selenium.remote.service.DriverCommandExecutor.invokeExecute(DriverCommandExecutor.java:196)\n\tat org.openqa.selenium.remote.service.DriverCommandExecutor.execute(DriverCommandExecutor.java:171)\n\tat org.openqa.selenium.remote.RemoteWebDriver.execute(RemoteWebDriver.java:602)\n\tat org.openqa.selenium.remote.ElementLocation$ElementFinder$2.findElement(ElementLocation.java:165)\n\tat org.openqa.selenium.remote.ElementLocation.findElement(ElementLocation.java:59)\n\tat org.openqa.selenium.remote.RemoteWebDriver.findElement(RemoteWebDriver.java:359)\n\tat org.openqa.selenium.remote.RemoteWebDriver.findElement(RemoteWebDriver.java:353)\n\tat pageObjects.dataStructure.getCodeExecuteResult(dataStructure.java:87)\n\tat stepDefinitions.dataStructureSteps.user_should_see_code_executed_successfully(dataStructureSteps.java:136)\n\tat ✽.User should see code executed successfully(file:///Users/praveenkumarsharma/eclipse-workspace/justdsalgo/src/test/resources/features/array.feature:32)\n"},"stage":"finished","steps":[{"name":"Given  The user is on signin page","status":"passed","statusDetails":{"known":false,"muted":false,"flaky":false},"stage":"finished","steps":[],"attachments":[],"parameters":[],"start":1698130719187,"stop":1698130721127},{"name":"When  The user enter sheet \"Sheet1\" and 4","status":"passed","statusDetails":{"known":false,"muted":false,"flaky":false},"stage":"finished","steps":[],"attachments":[],"parameters":[],"start":1698130721128,"stop":1698130721364},{"name":"And  click login button","status":"passed","statusDetails":{"known":false,"muted":false,"flaky":false},"stage":"finished","steps":[],"attachments":[],"parameters":[],"start":1698130721365,"stop":1698130722228},{"name":"When  User click Get Started button for Array card","status":"passed","statusDetails":{"known":false,"muted":false,"flaky":false},"stage":"finished","steps":[],"attachments":[],"parameters":[],"start":1698130722228,"stop":1698130723224},{"name":"Then  User should redirected to Array page","status":"passed","statusDetails":{"known":false,"muted":false,"flaky":false},"stage":"finished","steps":[],"attachments":[],"parameters":[],"start":1698130723225,"stop":1698130723235},{"name":"When  User click arrays in python link","status":"passed","statusDetails":{"known":false,"muted":false,"flaky":false},"stage":"finished","steps":[],"attachments":[],"parameters":[],"start":1698130723235,"stop":1698130724048},{"name":"Then  User navigate to practice search the array question","status":"passed","statusDetails":{"known":false,"muted":false,"flaky":false},"stage":"finished","steps":[],"attachments":[],"parameters":[],"start":1698130724049,"stop":1698130734822},{"name":"When  User enter python code \"Sheet1\" in tryEditor 4 and click run button","status":"passed","statusDetails":{"known":false,"muted":false,"flaky":false},"stage":"finished","steps":[],"attachments":[],"parameters":[],"start":1698130734822,"stop":1698130735090},{"name":"Then  User should see code executed successfully","status":"broken","statusDetails":{"known":false,"muted":false,"flaky":false,"message":"unexpected alert open: {Alert text : SyntaxError: bad input on line 3}\n  (Session info: chrome=118.0.5993.88): SyntaxError: bad input on line 3\nBuild info: version: '4.12.0', revision: '249f2a7d1b*'\nSystem info: os.name: 'Mac OS X', os.arch: 'x86_64', os.version: '13.5.1', java.version: '20.0.2'\nDriver info: org.openqa.selenium.chrome.ChromeDriver\nCommand: [471505b009bdecddaac0e25542a12dac, findElement {using=xpath, value=//*[@id='output']}]\nCapabilities {acceptInsecureCerts: false, browserName: chrome, browserVersion: 118.0.5993.88, chrome: {chromedriverVersion: 118.0.5993.70 (e52f33f30b91..., userDataDir: /var/folders/45/nx7hh1fx2qq...}, fedcm:accounts: true, goog:chromeOptions: {debuggerAddress: localhost:50708}, networkConnectionEnabled: false, pageLoadStrategy: normal, platformName: mac, proxy: Proxy(), se:cdp: ws://localhost:50708/devtoo..., se:cdpVersion: 118.0.5993.88, setWindowRect: true, strictFileInteractability: false, timeouts: {implicit: 20000, pageLoad: 300000, script: 30000}, unhandledPromptBehavior: dismiss and notify, webauthn:extension:credBlob: true, webauthn:extension:largeBlob: true, webauthn:extension:minPinLength: true, webauthn:extension:prf: true, webauthn:virtualAuthenticators: true}\nSession ID: 471505b009bdecddaac0e25542a12dac","trace":"org.openqa.selenium.UnhandledAlertException: unexpected alert open: {Alert text : SyntaxError: bad input on line 3}\n  (Session info: chrome=118.0.5993.88): SyntaxError: bad input on line 3\nBuild info: version: '4.12.0', revision: '249f2a7d1b*'\nSystem info: os.name: 'Mac OS X', os.arch: 'x86_64', os.version: '13.5.1', java.version: '20.0.2'\nDriver info: org.openqa.selenium.chrome.ChromeDriver\nCommand: [471505b009bdecddaac0e25542a12dac, findElement {using=xpath, value=//*[@id='output']}]\nCapabilities {acceptInsecureCerts: false, browserName: chrome, browserVersion: 118.0.5993.88, chrome: {chromedriverVersion: 118.0.5993.70 (e52f33f30b91..., userDataDir: /var/folders/45/nx7hh1fx2qq...}, fedcm:accounts: true, goog:chromeOptions: {debuggerAddress: localhost:50708}, networkConnectionEnabled: false, pageLoadStrategy: normal, platformName: mac, proxy: Proxy(), se:cdp: ws://localhost:50708/devtoo..., se:cdpVersion: 118.0.5993.88, setWindowRect: true, strictFileInteractability: false, timeouts: {implicit: 20000, pageLoad: 300000, script: 30000}, unhandledPromptBehavior: dismiss and notify, webauthn:extension:credBlob: true, webauthn:extension:largeBlob: true, webauthn:extension:minPinLength: true, webauthn:extension:prf: true, webauthn:virtualAuthenticators: true}\nSession ID: 471505b009bdecddaac0e25542a12dac\n\tat org.openqa.selenium.remote.codec.w3c.W3CHttpResponseCodec.decode(W3CHttpResponseCodec.java:131)\n\tat org.openqa.selenium.remote.codec.w3c.W3CHttpResponseCodec.decode(W3CHttpResponseCodec.java:52)\n\tat org.openqa.selenium.remote.HttpCommandExecutor.execute(HttpCommandExecutor.java:191)\n\tat org.openqa.selenium.remote.service.DriverCommandExecutor.invokeExecute(DriverCommandExecutor.java:196)\n\tat org.openqa.selenium.remote.service.DriverCommandExecutor.execute(DriverCommandExecutor.java:171)\n\tat org.openqa.selenium.remote.RemoteWebDriver.execute(RemoteWebDriver.java:602)\n\tat org.openqa.selenium.remote.ElementLocation$ElementFinder$2.findElement(ElementLocation.java:165)\n\tat org.openqa.selenium.remote.ElementLocation.findElement(ElementLocation.java:59)\n\tat org.openqa.selenium.remote.RemoteWebDriver.findElement(RemoteWebDriver.java:359)\n\tat org.openqa.selenium.remote.RemoteWebDriver.findElement(RemoteWebDriver.java:353)\n\tat pageObjects.dataStructure.getCodeExecuteResult(dataStructure.java:87)\n\tat stepDefinitions.dataStructureSteps.user_should_see_code_executed_successfully(dataStructureSteps.java:136)\n\tat ✽.User should see code executed successfully(file:///Users/praveenkumarsharma/eclipse-workspace/justdsalgo/src/test/resources/features/array.feature:32)\n"},"stage":"finished","steps":[],"attachments":[],"parameters":[],"start":1698130735091,"stop":1698130735108}],"attachments":[],"parameters":[{"name":"Sheetname","value":"Sheet1"},{"name":"RowNumber","value":"4"}],"start":1698130717539,"stop":1698130735651}