{"uuid":"ab43a4e5-5b25-46dd-a40a-480167090bae","historyId":"329cb94515923c0ededa6f087ac63cdf","fullName":"src/test/resources/features/dataStructure.feature:16","labels":[{"name":"tag","value":"ds"},{"name":"host","value":"Praveens-MacBook-Pro-2.local"},{"name":"thread","value":"43508@Praveens-MacBook-Pro-2.local.main(1)"},{"name":"feature","value":"User navigate to Data Structure introduction Page for selected Topics covered and click on Try Here button"},{"name":"story","value":"User navigate to Data Structure introduction Page for selected Topics covered and click on Try Here button"},{"name":"suite","value":"User navigate to Data Structure introduction Page for selected Topics covered and click on Try Here button"},{"name":"testClass","value":"User navigate to Data Structure introduction Page for selected Topics covered and click on Try Here button"},{"name":"framework","value":"cucumber4jvm"},{"name":"language","value":"java"},{"name":"gherkin_uri","value":"file:///Users/praveenkumarsharma/eclipse-workspace/justdsalgo/src/test/resources/features/dataStructure.feature"},{"name":"package","value":"src.test.resources.features.dataStructure_feature.User navigate to Data Structure introduction Page for selected Topics covered and click on Try Here button"}],"links":[],"name":"User navigate to Data Structure introduction Page for selected Topics covered and click on Try Here button","status":"broken","statusDetails":{"known":false,"muted":false,"flaky":false,"message":"no such element: Unable to locate element: {\"method\":\"xpath\",\"selector\":\"//a[contains(text(), 'Sign in')]\"}\n  (Session info: chrome=118.0.5993.70)\nFor documentation on this error, please visit: https://www.selenium.dev/documentation/webdriver/troubleshooting/errors#no-such-element-exception\nBuild info: version: '4.12.0', revision: '249f2a7d1b*'\nSystem info: os.name: 'Mac OS X', os.arch: 'x86_64', os.version: '13.5.1', java.version: '20.0.2'\nDriver info: org.openqa.selenium.chrome.ChromeDriver\nCommand: [5292b440e0c2f3967c3abe1937515dd4, findElement {using=xpath, value=//a[contains(text(), 'Sign in')]}]\nCapabilities {acceptInsecureCerts: false, browserName: chrome, browserVersion: 118.0.5993.70, chrome: {chromedriverVersion: 118.0.5993.70 (e52f33f30b91..., userDataDir: /var/folders/45/nx7hh1fx2qq...}, fedcm:accounts: true, goog:chromeOptions: {debuggerAddress: localhost:49560}, networkConnectionEnabled: false, pageLoadStrategy: normal, platformName: mac, proxy: Proxy(), se:cdp: ws://localhost:49560/devtoo..., se:cdpVersion: 118.0.5993.70, setWindowRect: true, strictFileInteractability: false, timeouts: {implicit: 0, pageLoad: 300000, script: 30000}, unhandledPromptBehavior: dismiss and notify, webauthn:extension:credBlob: true, webauthn:extension:largeBlob: true, webauthn:extension:minPinLength: true, webauthn:extension:prf: true, webauthn:virtualAuthenticators: true}\nSession ID: 5292b440e0c2f3967c3abe1937515dd4","trace":"org.openqa.selenium.NoSuchElementException: no such element: Unable to locate element: {\"method\":\"xpath\",\"selector\":\"//a[contains(text(), 'Sign in')]\"}\n  (Session info: chrome=118.0.5993.70)\nFor documentation on this error, please visit: https://www.selenium.dev/documentation/webdriver/troubleshooting/errors#no-such-element-exception\nBuild info: version: '4.12.0', revision: '249f2a7d1b*'\nSystem info: os.name: 'Mac OS X', os.arch: 'x86_64', os.version: '13.5.1', java.version: '20.0.2'\nDriver info: org.openqa.selenium.chrome.ChromeDriver\nCommand: [5292b440e0c2f3967c3abe1937515dd4, findElement {using=xpath, value=//a[contains(text(), 'Sign in')]}]\nCapabilities {acceptInsecureCerts: false, browserName: chrome, browserVersion: 118.0.5993.70, chrome: {chromedriverVersion: 118.0.5993.70 (e52f33f30b91..., userDataDir: /var/folders/45/nx7hh1fx2qq...}, fedcm:accounts: true, goog:chromeOptions: {debuggerAddress: localhost:49560}, networkConnectionEnabled: false, pageLoadStrategy: normal, platformName: mac, proxy: Proxy(), se:cdp: ws://localhost:49560/devtoo..., se:cdpVersion: 118.0.5993.70, setWindowRect: true, strictFileInteractability: false, timeouts: {implicit: 0, pageLoad: 300000, script: 30000}, unhandledPromptBehavior: dismiss and notify, webauthn:extension:credBlob: true, webauthn:extension:largeBlob: true, webauthn:extension:minPinLength: true, webauthn:extension:prf: true, webauthn:virtualAuthenticators: true}\nSession ID: 5292b440e0c2f3967c3abe1937515dd4\n\tat java.base/jdk.internal.reflect.DirectConstructorHandleAccessor.newInstance(DirectConstructorHandleAccessor.java:67)\n\tat java.base/java.lang.reflect.Constructor.newInstanceWithCaller(Constructor.java:500)\n\tat java.base/java.lang.reflect.Constructor.newInstance(Constructor.java:484)\n\tat org.openqa.selenium.remote.codec.w3c.W3CHttpResponseCodec.createException(W3CHttpResponseCodec.java:200)\n\tat org.openqa.selenium.remote.codec.w3c.W3CHttpResponseCodec.decode(W3CHttpResponseCodec.java:133)\n\tat org.openqa.selenium.remote.codec.w3c.W3CHttpResponseCodec.decode(W3CHttpResponseCodec.java:52)\n\tat org.openqa.selenium.remote.HttpCommandExecutor.execute(HttpCommandExecutor.java:191)\n\tat org.openqa.selenium.remote.service.DriverCommandExecutor.invokeExecute(DriverCommandExecutor.java:196)\n\tat org.openqa.selenium.remote.service.DriverCommandExecutor.execute(DriverCommandExecutor.java:171)\n\tat org.openqa.selenium.remote.RemoteWebDriver.execute(RemoteWebDriver.java:602)\n\tat org.openqa.selenium.remote.ElementLocation$ElementFinder$2.findElement(ElementLocation.java:165)\n\tat org.openqa.selenium.remote.ElementLocation.findElement(ElementLocation.java:59)\n\tat org.openqa.selenium.remote.RemoteWebDriver.findElement(RemoteWebDriver.java:359)\n\tat org.openqa.selenium.remote.RemoteWebDriver.findElement(RemoteWebDriver.java:353)\n\tat pageObjects.signInPage.clickSignInLink(signInPage.java:28)\n\tat stepDefinitions.signInPageSteps.the_user_is_on_signin_page(signInPageSteps.java:35)\n\tat ✽.The user is on signin page(file:///Users/praveenkumarsharma/eclipse-workspace/justdsalgo/src/test/resources/features/dataStructure.feature:5)\n"},"stage":"finished","steps":[{"name":"Given  The user is on signin page","status":"broken","statusDetails":{"known":false,"muted":false,"flaky":false,"message":"no such element: Unable to locate element: {\"method\":\"xpath\",\"selector\":\"//a[contains(text(), 'Sign in')]\"}\n  (Session info: chrome=118.0.5993.70)\nFor documentation on this error, please visit: https://www.selenium.dev/documentation/webdriver/troubleshooting/errors#no-such-element-exception\nBuild info: version: '4.12.0', revision: '249f2a7d1b*'\nSystem info: os.name: 'Mac OS X', os.arch: 'x86_64', os.version: '13.5.1', java.version: '20.0.2'\nDriver info: org.openqa.selenium.chrome.ChromeDriver\nCommand: [5292b440e0c2f3967c3abe1937515dd4, findElement {using=xpath, value=//a[contains(text(), 'Sign in')]}]\nCapabilities {acceptInsecureCerts: false, browserName: chrome, browserVersion: 118.0.5993.70, chrome: {chromedriverVersion: 118.0.5993.70 (e52f33f30b91..., userDataDir: /var/folders/45/nx7hh1fx2qq...}, fedcm:accounts: true, goog:chromeOptions: {debuggerAddress: localhost:49560}, networkConnectionEnabled: false, pageLoadStrategy: normal, platformName: mac, proxy: Proxy(), se:cdp: ws://localhost:49560/devtoo..., se:cdpVersion: 118.0.5993.70, setWindowRect: true, strictFileInteractability: false, timeouts: {implicit: 0, pageLoad: 300000, script: 30000}, unhandledPromptBehavior: dismiss and notify, webauthn:extension:credBlob: true, webauthn:extension:largeBlob: true, webauthn:extension:minPinLength: true, webauthn:extension:prf: true, webauthn:virtualAuthenticators: true}\nSession ID: 5292b440e0c2f3967c3abe1937515dd4","trace":"org.openqa.selenium.NoSuchElementException: no such element: Unable to locate element: {\"method\":\"xpath\",\"selector\":\"//a[contains(text(), 'Sign in')]\"}\n  (Session info: chrome=118.0.5993.70)\nFor documentation on this error, please visit: https://www.selenium.dev/documentation/webdriver/troubleshooting/errors#no-such-element-exception\nBuild info: version: '4.12.0', revision: '249f2a7d1b*'\nSystem info: os.name: 'Mac OS X', os.arch: 'x86_64', os.version: '13.5.1', java.version: '20.0.2'\nDriver info: org.openqa.selenium.chrome.ChromeDriver\nCommand: [5292b440e0c2f3967c3abe1937515dd4, findElement {using=xpath, value=//a[contains(text(), 'Sign in')]}]\nCapabilities {acceptInsecureCerts: false, browserName: chrome, browserVersion: 118.0.5993.70, chrome: {chromedriverVersion: 118.0.5993.70 (e52f33f30b91..., userDataDir: /var/folders/45/nx7hh1fx2qq...}, fedcm:accounts: true, goog:chromeOptions: {debuggerAddress: localhost:49560}, networkConnectionEnabled: false, pageLoadStrategy: normal, platformName: mac, proxy: Proxy(), se:cdp: ws://localhost:49560/devtoo..., se:cdpVersion: 118.0.5993.70, setWindowRect: true, strictFileInteractability: false, timeouts: {implicit: 0, pageLoad: 300000, script: 30000}, unhandledPromptBehavior: dismiss and notify, webauthn:extension:credBlob: true, webauthn:extension:largeBlob: true, webauthn:extension:minPinLength: true, webauthn:extension:prf: true, webauthn:virtualAuthenticators: true}\nSession ID: 5292b440e0c2f3967c3abe1937515dd4\n\tat java.base/jdk.internal.reflect.DirectConstructorHandleAccessor.newInstance(DirectConstructorHandleAccessor.java:67)\n\tat java.base/java.lang.reflect.Constructor.newInstanceWithCaller(Constructor.java:500)\n\tat java.base/java.lang.reflect.Constructor.newInstance(Constructor.java:484)\n\tat org.openqa.selenium.remote.codec.w3c.W3CHttpResponseCodec.createException(W3CHttpResponseCodec.java:200)\n\tat org.openqa.selenium.remote.codec.w3c.W3CHttpResponseCodec.decode(W3CHttpResponseCodec.java:133)\n\tat org.openqa.selenium.remote.codec.w3c.W3CHttpResponseCodec.decode(W3CHttpResponseCodec.java:52)\n\tat org.openqa.selenium.remote.HttpCommandExecutor.execute(HttpCommandExecutor.java:191)\n\tat org.openqa.selenium.remote.service.DriverCommandExecutor.invokeExecute(DriverCommandExecutor.java:196)\n\tat org.openqa.selenium.remote.service.DriverCommandExecutor.execute(DriverCommandExecutor.java:171)\n\tat org.openqa.selenium.remote.RemoteWebDriver.execute(RemoteWebDriver.java:602)\n\tat org.openqa.selenium.remote.ElementLocation$ElementFinder$2.findElement(ElementLocation.java:165)\n\tat org.openqa.selenium.remote.ElementLocation.findElement(ElementLocation.java:59)\n\tat org.openqa.selenium.remote.RemoteWebDriver.findElement(RemoteWebDriver.java:359)\n\tat org.openqa.selenium.remote.RemoteWebDriver.findElement(RemoteWebDriver.java:353)\n\tat pageObjects.signInPage.clickSignInLink(signInPage.java:28)\n\tat stepDefinitions.signInPageSteps.the_user_is_on_signin_page(signInPageSteps.java:35)\n\tat ✽.The user is on signin page(file:///Users/praveenkumarsharma/eclipse-workspace/justdsalgo/src/test/resources/features/dataStructure.feature:5)\n"},"stage":"finished","steps":[],"attachments":[],"parameters":[],"start":1697736260578,"stop":1697736262929},{"name":"When  The user enter sheet \"Sheet1\" and 3","status":"skipped","statusDetails":{"known":false,"muted":false,"flaky":false},"stage":"finished","steps":[],"attachments":[],"parameters":[],"start":1697736262946,"stop":1697736262946},{"name":"And  click login button","status":"skipped","statusDetails":{"known":false,"muted":false,"flaky":false},"stage":"finished","steps":[],"attachments":[],"parameters":[],"start":1697736262966,"stop":1697736262966},{"name":"When  User click Get Started button for Data Structure Introduction card","status":"skipped","statusDetails":{"known":false,"muted":false,"flaky":false},"stage":"finished","steps":[],"attachments":[],"parameters":[],"start":1697736262986,"stop":1697736262987},{"name":"Then  User should redirected to Data Structure Introduction page","status":"skipped","statusDetails":{"known":false,"muted":false,"flaky":false},"stage":"finished","steps":[],"attachments":[],"parameters":[],"start":1697736263006,"stop":1697736263006},{"name":"When  User click Try Here button in the Data Structure Introduction page","status":"skipped","statusDetails":{"known":false,"muted":false,"flaky":false},"stage":"finished","steps":[],"attachments":[],"parameters":[],"start":1697736263026,"stop":1697736263026},{"name":"Then  User should be redirected to try Text Editor page","status":"skipped","statusDetails":{"known":false,"muted":false,"flaky":false},"stage":"finished","steps":[],"attachments":[],"parameters":[],"start":1697736263046,"stop":1697736263066}],"attachments":[],"parameters":[{"name":"Sheetname","value":"Sheet1"},{"name":"RowNumber","value":"3"}],"start":1697736260577,"stop":1697736263726}