<?xml version="1.0" encoding="UTF-8"?>
<!-- Generated by org.testng.reporters.JUnitReportReporter -->
<testsuite hostname="Praveens-MacBook-Pro-2.local" failures="1" tests="12" name="runner.TestRunner" time="150.935" errors="0" timestamp="2023-10-19T13:14:24 IST" skipped="0">
  <testcase classname="runner.TestRunner" name="runScenario" time="10.465"/>
  <testcase classname="runner.TestRunner" name="runScenario" time="9.987"/>
  <testcase classname="runner.TestRunner" name="runScenario" time="10.369">
    <failure message="expected [] but found [hello]" type="java.lang.AssertionError">
      <![CDATA[java.lang.AssertionError: expected [] but found [hello]
at org.testng.Assert.fail(Assert.java:111)
at org.testng.Assert.failNotEquals(Assert.java:1578)
at org.testng.Assert.assertEqualsImpl(Assert.java:150)
at org.testng.Assert.assertEquals(Assert.java:132)
at org.testng.Assert.assertEquals(Assert.java:656)
at org.testng.Assert.assertEquals(Assert.java:666)
at stepDefinitions.dataStructureSteps.user_should_see_code_executed_successfully(dataStructureSteps.java:136)
at ✽.User should see code executed successfully(file:///Users/praveenkumarsharma/eclipse-workspace/justdsalgo/src/test/resources/features/tree.feature:232)
]]>
    </failure>
  </testcase> <!-- runScenario -->
  <testcase classname="runner.TestRunner" name="runScenario" time="13.397"/>
  <testcase classname="runner.TestRunner" name="runScenario" time="19.114"/>
  <testcase classname="runner.TestRunner" name="runScenario" time="15.664"/>
  <testcase classname="runner.TestRunner" name="runScenario" time="9.731"/>
  <testcase classname="runner.TestRunner" name="runScenario" time="9.614"/>
  <testcase classname="runner.TestRunner" name="runScenario" time="9.375"/>
  <testcase classname="runner.TestRunner" name="runScenario" time="10.560"/>
  <testcase classname="runner.TestRunner" name="runScenario" time="16.104"/>
  <testcase classname="runner.TestRunner" name="runScenario" time="16.555"/>
</testsuite> <!-- runner.TestRunner -->
