<?xml version="1.0" encoding="UTF-8"?>
<!-- Generated by org.testng.reporters.JUnitReportReporter -->
<testsuite hostname="Praveens-MacBook-Pro-2.local" failures="1" tests="88" name="runner.TestRunner" time="914.764" errors="2" timestamp="2023-11-16T17:15:36 IST" skipped="0">
  <testcase classname="runner.TestRunner" name="runScenario" time="14.471">
    <failure message="expected [true] but found [false]" type="java.lang.AssertionError">
      <![CDATA[java.lang.AssertionError: expected [true] but found [false]
at org.testng.Assert.fail(Assert.java:111)
at org.testng.Assert.failNotEquals(Assert.java:1578)
at org.testng.Assert.assertTrue(Assert.java:57)
at org.testng.Assert.assertTrue(Assert.java:67)
at stepDefinitions.dataStructureSteps.user_should_get_error_message_alert_window(dataStructureSteps.java:96)
at ✽.User should get error message alert window(file:///Users/praveenkumarsharma/eclipse-workspace/justdsalgo/src/test/resources/features/array.feature:68)
]]>
    </failure>
  </testcase> <!-- runScenario -->
  <testcase classname="runner.TestRunner" name="runScenario" time="13.739"/>
  <testcase classname="runner.TestRunner" name="runScenario" time="9.542"/>
  <testcase classname="runner.TestRunner" name="runScenario" time="6.600"/>
  <testcase classname="runner.TestRunner" name="runScenario" time="12.632"/>
  <testcase classname="runner.TestRunner" name="runScenario" time="16.597"/>
  <testcase classname="runner.TestRunner" name="runScenario" time="17.986"/>
  <testcase classname="runner.TestRunner" name="runScenario" time="6.447"/>
  <testcase classname="runner.TestRunner" name="runScenario" time="10.594"/>
  <testcase classname="runner.TestRunner" name="runScenario" time="6.688"/>
  <testcase classname="runner.TestRunner" name="runScenario" time="5.841"/>
  <testcase classname="runner.TestRunner" name="runScenario" time="11.544"/>
  <testcase classname="runner.TestRunner" name="runScenario" time="4.167"/>
  <testcase classname="runner.TestRunner" name="runScenario" time="12.336"/>
  <testcase classname="runner.TestRunner" name="runScenario" time="14.746"/>
  <testcase classname="runner.TestRunner" name="runScenario" time="9.871"/>
  <testcase classname="runner.TestRunner" name="runScenario" time="4.543"/>
  <testcase classname="runner.TestRunner" name="runScenario" time="4.082"/>
  <testcase classname="runner.TestRunner" name="runScenario" time="15.412"/>
  <testcase classname="runner.TestRunner" name="runScenario" time="6.968"/>
  <testcase classname="runner.TestRunner" name="runScenario" time="17.081"/>
  <testcase classname="runner.TestRunner" name="runScenario" time="9.268"/>
  <testcase classname="runner.TestRunner" name="runScenario" time="6.856"/>
  <testcase classname="runner.TestRunner" name="runScenario" time="9.244"/>
  <testcase classname="runner.TestRunner" name="runScenario" time="4.927"/>
  <testcase classname="runner.TestRunner" name="runScenario" time="4.011"/>
  <testcase classname="runner.TestRunner" name="runScenario" time="9.660"/>
  <testcase classname="runner.TestRunner" name="runScenario" time="9.207"/>
  <testcase classname="runner.TestRunner" name="runScenario" time="12.280"/>
  <testcase classname="runner.TestRunner" name="runScenario" time="9.180"/>
  <testcase classname="runner.TestRunner" name="runScenario" time="9.886"/>
  <testcase classname="runner.TestRunner" name="runScenario" time="4.370"/>
  <testcase classname="runner.TestRunner" name="runScenario" time="7.567"/>
  <testcase classname="runner.TestRunner" name="runScenario" time="4.659"/>
  <testcase classname="runner.TestRunner" name="runScenario" time="4.192"/>
  <testcase classname="runner.TestRunner" name="runScenario" time="6.874"/>
  <testcase classname="runner.TestRunner" name="runScenario" time="16.773"/>
  <testcase classname="runner.TestRunner" name="runScenario" time="9.607"/>
  <testcase classname="runner.TestRunner" name="runScenario" time="9.714"/>
  <testcase classname="runner.TestRunner" name="runScenario" time="9.677"/>
  <testcase classname="runner.TestRunner" name="runScenario" time="16.004"/>
  <testcase classname="runner.TestRunner" name="runScenario" time="9.248"/>
  <testcase classname="runner.TestRunner" name="runScenario" time="18.139"/>
  <testcase classname="runner.TestRunner" name="runScenario" time="11.245"/>
  <testcase classname="runner.TestRunner" name="runScenario" time="11.070"/>
  <testcase classname="runner.TestRunner" name="runScenario" time="11.467"/>
  <testcase classname="runner.TestRunner" name="runScenario" time="10.730"/>
  <testcase classname="runner.TestRunner" name="runScenario" time="9.398"/>
  <testcase classname="runner.TestRunner" name="runScenario" time="9.881"/>
  <testcase classname="runner.TestRunner" name="runScenario" time="12.414"/>
  <testcase classname="runner.TestRunner" name="runScenario" time="14.760"/>
  <testcase classname="runner.TestRunner" name="runScenario" time="12.509"/>
  <testcase classname="runner.TestRunner" name="runScenario" time="5.124"/>
  <testcase classname="runner.TestRunner" name="runScenario" time="11.885"/>
  <testcase classname="runner.TestRunner" name="runScenario" time="15.806"/>
  <testcase classname="runner.TestRunner" name="runScenario" time="17.330"/>
  <testcase classname="runner.TestRunner" name="runScenario" time="12.787"/>
  <testcase classname="runner.TestRunner" name="runScenario" time="9.905"/>
  <testcase classname="runner.TestRunner" name="runScenario" time="16.477"/>
  <testcase classname="runner.TestRunner" name="runScenario" time="11.027">
    <error message="no such element: Unable to locate element: {&quot;method&quot;:&quot;xpath&quot;,&quot;selector&quot;:&quot;//a[contains(text(), &#039;Sign in&#039;)]&quot;}
  (Session info: MicrosoftEdge=119.0.2151.58)
For documentation on this error, please visit: https://www.selenium.dev/documentation/webdriver/troubleshooting/errors#no-such-element-exception
Build info: version: &#039;4.12.0&#039;, revision: &#039;249f2a7d1b*&#039;
System info: os.name: &#039;Mac OS X&#039;, os.arch: &#039;x86_64&#039;, os.version: &#039;13.5.1&#039;, java.version: &#039;20.0.2&#039;
Driver info: org.openqa.selenium.edge.EdgeDriver
Command: [aa0c764e79a7eb05e7aa46ec6870dc16, findElement {using=xpath, value=//a[contains(text(), &#039;Sign in&#039;)]}]
Capabilities {acceptInsecureCerts: false, browserName: msedge, browserVersion: 119.0.2151.58, fedcm:accounts: true, ms:edgeOptions: {debuggerAddress: localhost:52048}, msedge: {msedgedriverVersion: 119.0.2151.58 (33e26e7eb4fb..., userDataDir: /var/folders/45/nx7hh1fx2qq...}, networkConnectionEnabled: false, pageLoadStrategy: normal, platformName: mac, proxy: Proxy(), se:cdp: ws://localhost:52048/devtoo..., se:cdpVersion: 119.0.2151.58, setWindowRect: true, strictFileInteractability: false, timeouts: {implicit: 0, pageLoad: 300000, script: 30000}, unhandledPromptBehavior: dismiss and notify, webauthn:extension:credBlob: true, webauthn:extension:largeBlob: true, webauthn:extension:minPinLength: true, webauthn:extension:prf: true, webauthn:virtualAuthenticators: true}
Session ID: aa0c764e79a7eb05e7aa46ec6870dc16" type="org.openqa.selenium.NoSuchElementException">
      <![CDATA[org.openqa.selenium.NoSuchElementException: no such element: Unable to locate element: {"method":"xpath","selector":"//a[contains(text(), 'Sign in')]"}
  (Session info: MicrosoftEdge=119.0.2151.58)
For documentation on this error, please visit: https://www.selenium.dev/documentation/webdriver/troubleshooting/errors#no-such-element-exception
Build info: version: '4.12.0', revision: '249f2a7d1b*'
System info: os.name: 'Mac OS X', os.arch: 'x86_64', os.version: '13.5.1', java.version: '20.0.2'
Driver info: org.openqa.selenium.edge.EdgeDriver
Command: [aa0c764e79a7eb05e7aa46ec6870dc16, findElement {using=xpath, value=//a[contains(text(), 'Sign in')]}]
Capabilities {acceptInsecureCerts: false, browserName: msedge, browserVersion: 119.0.2151.58, fedcm:accounts: true, ms:edgeOptions: {debuggerAddress: localhost:52048}, msedge: {msedgedriverVersion: 119.0.2151.58 (33e26e7eb4fb..., userDataDir: /var/folders/45/nx7hh1fx2qq...}, networkConnectionEnabled: false, pageLoadStrategy: normal, platformName: mac, proxy: Proxy(), se:cdp: ws://localhost:52048/devtoo..., se:cdpVersion: 119.0.2151.58, setWindowRect: true, strictFileInteractability: false, timeouts: {implicit: 0, pageLoad: 300000, script: 30000}, unhandledPromptBehavior: dismiss and notify, webauthn:extension:credBlob: true, webauthn:extension:largeBlob: true, webauthn:extension:minPinLength: true, webauthn:extension:prf: true, webauthn:virtualAuthenticators: true}
Session ID: aa0c764e79a7eb05e7aa46ec6870dc16
at java.base/jdk.internal.reflect.DirectConstructorHandleAccessor.newInstance(DirectConstructorHandleAccessor.java:67)
at java.base/java.lang.reflect.Constructor.newInstanceWithCaller(Constructor.java:500)
at java.base/java.lang.reflect.Constructor.newInstance(Constructor.java:484)
at org.openqa.selenium.remote.codec.w3c.W3CHttpResponseCodec.createException(W3CHttpResponseCodec.java:200)
at org.openqa.selenium.remote.codec.w3c.W3CHttpResponseCodec.decode(W3CHttpResponseCodec.java:133)
at org.openqa.selenium.remote.codec.w3c.W3CHttpResponseCodec.decode(W3CHttpResponseCodec.java:52)
at org.openqa.selenium.remote.HttpCommandExecutor.execute(HttpCommandExecutor.java:191)
at org.openqa.selenium.remote.service.DriverCommandExecutor.invokeExecute(DriverCommandExecutor.java:196)
at org.openqa.selenium.remote.service.DriverCommandExecutor.execute(DriverCommandExecutor.java:171)
at org.openqa.selenium.remote.RemoteWebDriver.execute(RemoteWebDriver.java:602)
at org.openqa.selenium.remote.ElementLocation$ElementFinder$2.findElement(ElementLocation.java:165)
at org.openqa.selenium.remote.ElementLocation.findElement(ElementLocation.java:59)
at org.openqa.selenium.remote.RemoteWebDriver.findElement(RemoteWebDriver.java:359)
at org.openqa.selenium.remote.RemoteWebDriver.findElement(RemoteWebDriver.java:353)
at pageObjects.signInPage.clickSignInLink(signInPage.java:28)
at stepDefinitions.signInPageSteps.the_user_is_on_signin_page(signInPageSteps.java:35)
at ✽.The user is on signin page(file:///Users/praveenkumarsharma/eclipse-workspace/justdsalgo/src/test/resources/features/dataStructure.feature:5)
]]>
    </error>
  </testcase> <!-- runScenario -->
  <testcase classname="runner.TestRunner" name="runScenario" time="9.121"/>
  <testcase classname="runner.TestRunner" name="runScenario" time="4.840"/>
  <testcase classname="runner.TestRunner" name="runScenario" time="13.082"/>
  <testcase classname="runner.TestRunner" name="runScenario" time="4.098"/>
  <testcase classname="runner.TestRunner" name="runScenario" time="9.350"/>
  <testcase classname="runner.TestRunner" name="runScenario" time="11.308"/>
  <testcase classname="runner.TestRunner" name="runScenario" time="11.145"/>
  <testcase classname="runner.TestRunner" name="runScenario" time="14.513"/>
  <testcase classname="runner.TestRunner" name="runScenario" time="16.262"/>
  <testcase classname="runner.TestRunner" name="runScenario" time="9.361"/>
  <testcase classname="runner.TestRunner" name="runScenario" time="16.726"/>
  <testcase classname="runner.TestRunner" name="runScenario" time="4.550"/>
  <testcase classname="runner.TestRunner" name="runScenario" time="16.972">
    <error message="unexpected alert open: {Alert text : SyntaxError: bad input on line 3}
  (Session info: MicrosoftEdge=119.0.2151.58): SyntaxError: bad input on line 3
Build info: version: &#039;4.12.0&#039;, revision: &#039;249f2a7d1b*&#039;
System info: os.name: &#039;Mac OS X&#039;, os.arch: &#039;x86_64&#039;, os.version: &#039;13.5.1&#039;, java.version: &#039;20.0.2&#039;
Driver info: org.openqa.selenium.edge.EdgeDriver
Command: [8691fe7275e888063419624253fd201d, findElement {using=xpath, value=//*[@id=&#039;output&#039;]}]
Capabilities {acceptInsecureCerts: false, browserName: msedge, browserVersion: 119.0.2151.58, fedcm:accounts: true, ms:edgeOptions: {debuggerAddress: localhost:51951}, msedge: {msedgedriverVersion: 119.0.2151.58 (33e26e7eb4fb..., userDataDir: /var/folders/45/nx7hh1fx2qq...}, networkConnectionEnabled: false, pageLoadStrategy: normal, platformName: mac, proxy: Proxy(), se:cdp: ws://localhost:51951/devtoo..., se:cdpVersion: 119.0.2151.58, setWindowRect: true, strictFileInteractability: false, timeouts: {implicit: 0, pageLoad: 300000, script: 30000}, unhandledPromptBehavior: dismiss and notify, webauthn:extension:credBlob: true, webauthn:extension:largeBlob: true, webauthn:extension:minPinLength: true, webauthn:extension:prf: true, webauthn:virtualAuthenticators: true}
Session ID: 8691fe7275e888063419624253fd201d" type="org.openqa.selenium.UnhandledAlertException">
      <![CDATA[org.openqa.selenium.UnhandledAlertException: unexpected alert open: {Alert text : SyntaxError: bad input on line 3}
  (Session info: MicrosoftEdge=119.0.2151.58): SyntaxError: bad input on line 3
Build info: version: '4.12.0', revision: '249f2a7d1b*'
System info: os.name: 'Mac OS X', os.arch: 'x86_64', os.version: '13.5.1', java.version: '20.0.2'
Driver info: org.openqa.selenium.edge.EdgeDriver
Command: [8691fe7275e888063419624253fd201d, findElement {using=xpath, value=//*[@id='output']}]
Capabilities {acceptInsecureCerts: false, browserName: msedge, browserVersion: 119.0.2151.58, fedcm:accounts: true, ms:edgeOptions: {debuggerAddress: localhost:51951}, msedge: {msedgedriverVersion: 119.0.2151.58 (33e26e7eb4fb..., userDataDir: /var/folders/45/nx7hh1fx2qq...}, networkConnectionEnabled: false, pageLoadStrategy: normal, platformName: mac, proxy: Proxy(), se:cdp: ws://localhost:51951/devtoo..., se:cdpVersion: 119.0.2151.58, setWindowRect: true, strictFileInteractability: false, timeouts: {implicit: 0, pageLoad: 300000, script: 30000}, unhandledPromptBehavior: dismiss and notify, webauthn:extension:credBlob: true, webauthn:extension:largeBlob: true, webauthn:extension:minPinLength: true, webauthn:extension:prf: true, webauthn:virtualAuthenticators: true}
Session ID: 8691fe7275e888063419624253fd201d
at org.openqa.selenium.remote.codec.w3c.W3CHttpResponseCodec.decode(W3CHttpResponseCodec.java:131)
at org.openqa.selenium.remote.codec.w3c.W3CHttpResponseCodec.decode(W3CHttpResponseCodec.java:52)
at org.openqa.selenium.remote.HttpCommandExecutor.execute(HttpCommandExecutor.java:191)
at org.openqa.selenium.remote.service.DriverCommandExecutor.invokeExecute(DriverCommandExecutor.java:196)
at org.openqa.selenium.remote.service.DriverCommandExecutor.execute(DriverCommandExecutor.java:171)
at org.openqa.selenium.remote.RemoteWebDriver.execute(RemoteWebDriver.java:602)
at org.openqa.selenium.remote.ElementLocation$ElementFinder$2.findElement(ElementLocation.java:165)
at org.openqa.selenium.remote.ElementLocation.findElement(ElementLocation.java:59)
at org.openqa.selenium.remote.RemoteWebDriver.findElement(RemoteWebDriver.java:359)
at org.openqa.selenium.remote.RemoteWebDriver.findElement(RemoteWebDriver.java:353)
at pageObjects.dataStructure.getCodeExecuteResult(dataStructure.java:87)
at stepDefinitions.dataStructureSteps.user_should_see_code_executed_successfully(dataStructureSteps.java:136)
at ✽.User should see code executed successfully(file:///Users/praveenkumarsharma/eclipse-workspace/justdsalgo/src/test/resources/features/array.feature:32)
]]>
    </error>
  </testcase> <!-- runScenario -->
  <testcase classname="runner.TestRunner" name="runScenario" time="4.511"/>
  <testcase classname="runner.TestRunner" name="runScenario" time="9.461"/>
  <testcase classname="runner.TestRunner" name="runScenario" time="10.310"/>
  <testcase classname="runner.TestRunner" name="runScenario" time="6.800"/>
  <testcase classname="runner.TestRunner" name="runScenario" time="9.626"/>
  <testcase classname="runner.TestRunner" name="runScenario" time="10.001"/>
  <testcase classname="runner.TestRunner" name="runScenario" time="4.908"/>
  <testcase classname="runner.TestRunner" name="runScenario" time="7.079"/>
  <testcase classname="runner.TestRunner" name="runScenario" time="11.464"/>
  <testcase classname="runner.TestRunner" name="runScenario" time="4.730"/>
  <testcase classname="runner.TestRunner" name="runScenario" time="9.710"/>
  <testcase classname="runner.TestRunner" name="runScenario" time="12.769"/>
  <testcase classname="runner.TestRunner" name="runScenario" time="12.096"/>
  <testcase classname="runner.TestRunner" name="runScenario" time="16.806"/>
  <testcase classname="runner.TestRunner" name="runScenario" time="16.120"/>
</testsuite> <!-- runner.TestRunner -->
